<?xml version="1.0" encoding="UTF-8"?>
<!-- Generated by org.testng.reporters.JUnitReportReporter -->
<testsuite hostname="DESKTOP-LR9MGE6" failures="0" tests="3" name="com.ContinousIntegration.ContinousIntegration.TestClass1" time="19.043" errors="0" timestamp="2024-07-28T17:59:08 IST" skipped="0">
  <testcase classname="com.ContinousIntegration.ContinousIntegration.TestClass1" name="Test1" time="8.341"/>
  <testcase classname="com.ContinousIntegration.ContinousIntegration.TestClass1" name="Test2" time="4.753"/>
  <testcase classname="com.ContinousIntegration.ContinousIntegration.TestClass1" name="Test3" time="5.949"/>
</testsuite> <!-- com.ContinousIntegration.ContinousIntegration.TestClass1 -->
