<?xml version="1.0" encoding="UTF-8"?>
<!-- Generated by org.testng.reporters.JUnitReportReporter -->
<testsuite hostname="DESKTOP-LR9MGE6" failures="0" tests="3" name="com.ContinousIntegration.ContinousIntegration.TestClass1" time="18.170" errors="0" timestamp="2024-07-28T18:03:21 IST" skipped="0">
  <testcase classname="com.ContinousIntegration.ContinousIntegration.TestClass1" name="Test1" time="4.844"/>
  <testcase classname="com.ContinousIntegration.ContinousIntegration.TestClass1" name="Test2" time="4.522"/>
  <testcase classname="com.ContinousIntegration.ContinousIntegration.TestClass1" name="Test3" time="8.804"/>
</testsuite> <!-- com.ContinousIntegration.ContinousIntegration.TestClass1 -->
